<?xml version="1.0" encoding="UTF-8"?>
<testsuite name="mashup.mashuprestservice.MashupRestServiceApplicationTests" tests="1" skipped="0" failures="0" errors="0" timestamp="2021-03-04T11:00:42" hostname="Pernillas-MacBook-Pro.local" time="0.559">
  <properties/>
  <testcase name="contextLoads()" classname="mashup.mashuprestservice.MashupRestServiceApplicationTests" time="0.559"/>
  <system-out><![CDATA[12:00:38.152 [Test worker] DEBUG org.springframework.test.context.BootstrapUtils - Instantiating CacheAwareContextLoaderDelegate from class [org.springframework.test.context.cache.DefaultCacheAwareContextLoaderDelegate]
12:00:38.166 [Test worker] DEBUG org.springframework.test.context.BootstrapUtils - Instantiating BootstrapContext using constructor [public org.springframework.test.context.support.DefaultBootstrapContext(java.lang.Class,org.springframework.test.context.CacheAwareContextLoaderDelegate)]
12:00:38.214 [Test worker] DEBUG org.springframework.test.context.BootstrapUtils - Instantiating TestContextBootstrapper for test class [mashup.mashuprestservice.MashupRestServiceApplicationTests] from class [org.springframework.boot.test.context.SpringBootTestContextBootstrapper]
12:00:38.230 [Test worker] INFO org.springframework.boot.test.context.SpringBootTestContextBootstrapper - Neither @ContextConfiguration nor @ContextHierarchy found for test class [mashup.mashuprestservice.MashupRestServiceApplicationTests], using SpringBootContextLoader
12:00:38.235 [Test worker] DEBUG org.springframework.test.context.support.AbstractContextLoader - Did not detect default resource location for test class [mashup.mashuprestservice.MashupRestServiceApplicationTests]: class path resource [mashup/mashuprestservice/MashupRestServiceApplicationTests-context.xml] does not exist
12:00:38.236 [Test worker] DEBUG org.springframework.test.context.support.AbstractContextLoader - Did not detect default resource location for test class [mashup.mashuprestservice.MashupRestServiceApplicationTests]: class path resource [mashup/mashuprestservice/MashupRestServiceApplicationTestsContext.groovy] does not exist
12:00:38.236 [Test worker] INFO org.springframework.test.context.support.AbstractContextLoader - Could not detect default resource locations for test class [mashup.mashuprestservice.MashupRestServiceApplicationTests]: no resource found for suffixes {-context.xml, Context.groovy}.
12:00:38.238 [Test worker] INFO org.springframework.test.context.support.AnnotationConfigContextLoaderUtils - Could not detect default configuration classes for test class [mashup.mashuprestservice.MashupRestServiceApplicationTests]: MashupRestServiceApplicationTests does not declare any static, non-private, non-final, nested classes annotated with @Configuration.
12:00:38.295 [Test worker] DEBUG org.springframework.test.context.support.ActiveProfilesUtils - Could not find an 'annotation declaring class' for annotation type [org.springframework.test.context.ActiveProfiles] and class [mashup.mashuprestservice.MashupRestServiceApplicationTests]
12:00:38.396 [Test worker] DEBUG org.springframework.context.annotation.ClassPathScanningCandidateComponentProvider - Identified candidate component class: file [/Users/Pernilla/Library/Mobile Documents/com~apple~CloudDocs/programmingTasks/workRelated/cygni/mashupTask/musicMashupTask/build/classes/java/main/mashup/mashuprestservice/MashupRestServiceApplication.class]
12:00:38.399 [Test worker] INFO org.springframework.boot.test.context.SpringBootTestContextBootstrapper - Found @SpringBootConfiguration mashup.mashuprestservice.MashupRestServiceApplication for test class mashup.mashuprestservice.MashupRestServiceApplicationTests
12:00:38.590 [Test worker] DEBUG org.springframework.boot.test.context.SpringBootTestContextBootstrapper - @TestExecutionListeners is not present for class [mashup.mashuprestservice.MashupRestServiceApplicationTests]: using defaults.
12:00:38.591 [Test worker] INFO org.springframework.boot.test.context.SpringBootTestContextBootstrapper - Loaded default TestExecutionListener class names from location [META-INF/spring.factories]: [org.springframework.boot.test.autoconfigure.restdocs.RestDocsTestExecutionListener, org.springframework.boot.test.autoconfigure.web.client.MockRestServiceServerResetTestExecutionListener, org.springframework.boot.test.autoconfigure.web.servlet.MockMvcPrintOnlyOnFailureTestExecutionListener, org.springframework.boot.test.autoconfigure.web.servlet.WebDriverTestExecutionListener, org.springframework.boot.test.autoconfigure.webservices.client.MockWebServiceServerTestExecutionListener, org.springframework.boot.test.mock.mockito.MockitoTestExecutionListener, org.springframework.boot.test.mock.mockito.ResetMocksTestExecutionListener, org.springframework.test.context.web.ServletTestExecutionListener, org.springframework.test.context.support.DirtiesContextBeforeModesTestExecutionListener, org.springframework.test.context.event.ApplicationEventsTestExecutionListener, org.springframework.test.context.support.DependencyInjectionTestExecutionListener, org.springframework.test.context.support.DirtiesContextTestExecutionListener, org.springframework.test.context.transaction.TransactionalTestExecutionListener, org.springframework.test.context.jdbc.SqlScriptsTestExecutionListener, org.springframework.test.context.event.EventPublishingTestExecutionListener]
12:00:38.619 [Test worker] DEBUG org.springframework.boot.test.context.SpringBootTestContextBootstrapper - Skipping candidate TestExecutionListener [org.springframework.test.context.transaction.TransactionalTestExecutionListener] due to a missing dependency. Specify custom listener classes or make the default listener classes and their required dependencies available. Offending class: [org/springframework/transaction/interceptor/TransactionAttributeSource]
12:00:38.620 [Test worker] DEBUG org.springframework.boot.test.context.SpringBootTestContextBootstrapper - Skipping candidate TestExecutionListener [org.springframework.test.context.jdbc.SqlScriptsTestExecutionListener] due to a missing dependency. Specify custom listener classes or make the default listener classes and their required dependencies available. Offending class: [org/springframework/transaction/interceptor/TransactionAttribute]
12:00:38.621 [Test worker] INFO org.springframework.boot.test.context.SpringBootTestContextBootstrapper - Using TestExecutionListeners: [org.springframework.test.context.web.ServletTestExecutionListener@20d94e3b, org.springframework.test.context.support.DirtiesContextBeforeModesTestExecutionListener@6f8cb721, org.springframework.test.context.event.ApplicationEventsTestExecutionListener@1f0e9f65, org.springframework.boot.test.mock.mockito.MockitoTestExecutionListener@bf6e1eb, org.springframework.boot.test.autoconfigure.SpringBootDependencyInjectionTestExecutionListener@6134ce38, org.springframework.test.context.support.DirtiesContextTestExecutionListener@6b0b5880, org.springframework.test.context.event.EventPublishingTestExecutionListener@150733, org.springframework.boot.test.autoconfigure.restdocs.RestDocsTestExecutionListener@3cd04763, org.springframework.boot.test.autoconfigure.web.client.MockRestServiceServerResetTestExecutionListener@7bd20bcf, org.springframework.boot.test.autoconfigure.web.servlet.MockMvcPrintOnlyOnFailureTestExecutionListener@4aac936d, org.springframework.boot.test.autoconfigure.web.servlet.WebDriverTestExecutionListener@62283994, org.springframework.boot.test.autoconfigure.webservices.client.MockWebServiceServerTestExecutionListener@5c7d81ed, org.springframework.boot.test.mock.mockito.ResetMocksTestExecutionListener@371a65de]
12:00:38.625 [Test worker] DEBUG org.springframework.test.context.support.AbstractDirtiesContextTestExecutionListener - Before test class: context [DefaultTestContext@27a68ccf testClass = MashupRestServiceApplicationTests, testInstance = [null], testMethod = [null], testException = [null], mergedContextConfiguration = [WebMergedContextConfiguration@7ad6c17a testClass = MashupRestServiceApplicationTests, locations = '{}', classes = '{class mashup.mashuprestservice.MashupRestServiceApplication}', contextInitializerClasses = '[]', activeProfiles = '{}', propertySourceLocations = '{}', propertySourceProperties = '{org.springframework.boot.test.context.SpringBootTestContextBootstrapper=true}', contextCustomizers = set[org.springframework.boot.test.autoconfigure.actuate.metrics.MetricsExportContextCustomizerFactory$DisableMetricExportContextCustomizer@5b02b76, org.springframework.boot.test.autoconfigure.properties.PropertyMappingContextCustomizer@0, org.springframework.boot.test.autoconfigure.web.servlet.WebDriverContextCustomizerFactory$Customizer@3b03e899, org.springframework.boot.test.context.filter.ExcludeFilterContextCustomizer@8c1f968, org.springframework.boot.test.json.DuplicateJsonObjectContextCustomizerFactory$DuplicateJsonObjectContextCustomizer@40d93c04, org.springframework.boot.test.mock.mockito.MockitoContextCustomizer@0, org.springframework.boot.test.web.client.TestRestTemplateContextCustomizer@3d75e24b, org.springframework.boot.test.web.reactive.server.WebTestClientContextCustomizer@7391aa1, org.springframework.boot.test.context.SpringBootTestArgs@1, org.springframework.boot.test.context.SpringBootTestWebEnvironment@6661cb3d], resourceBasePath = 'src/main/webapp', contextLoader = 'org.springframework.boot.test.context.SpringBootContextLoader', parent = [null]], attributes = map['org.springframework.test.context.web.ServletTestExecutionListener.activateListener' -> true]], class annotated with @DirtiesContext [false] with mode [null].
12:00:38.692 [Test worker] DEBUG org.springframework.test.context.support.TestPropertySourceUtils - Adding inlined properties to environment: {spring.jmx.enabled=false, org.springframework.boot.test.context.SpringBootTestContextBootstrapper=true}

  .   ____          _            __ _ _
 /\\ / ___'_ __ _ _(_)_ __  __ _ \ \ \ \
( ( )\___ | '_ | '_| | '_ \/ _` | \ \ \ \
 \\/  ___)| |_)| | | | | || (_| |  ) ) ) )
  '  |____| .__|_| |_|_| |_\__, | / / / /
 =========|_|==============|___/=/_/_/_/
 :: Spring Boot ::                (v2.4.3)

2021-03-04 12:00:39.334  INFO 33452 --- [    Test worker] m.m.MashupRestServiceApplicationTests    : Starting MashupRestServiceApplicationTests using Java 15.0.1 on Pernillas-MacBook-Pro.local with PID 33452 (started by Pernilla in /Users/Pernilla/Library/Mobile Documents/com~apple~CloudDocs/programmingTasks/workRelated/cygni/mashupTask/musicMashupTask)
2021-03-04 12:00:39.346  INFO 33452 --- [    Test worker] m.m.MashupRestServiceApplicationTests    : No active profile set, falling back to default profiles: default
2021-03-04 12:00:42.293  INFO 33452 --- [    Test worker] o.s.s.concurrent.ThreadPoolTaskExecutor  : Initializing ExecutorService 'applicationTaskExecutor'
2021-03-04 12:00:42.866  INFO 33452 --- [    Test worker] m.m.MashupRestServiceApplicationTests    : Started MashupRestServiceApplicationTests in 4.141 seconds (JVM running for 6.15)
]]></system-out>
  <system-err><![CDATA[]]></system-err>
</testsuite>
